<?xml version="1.0" encoding="UTF-8"?>
<!-- Generated by org.testng.reporters.JUnitXMLReporter -->
<testsuite ignored="0" hostname="LAPTOP-76JOHB1V" failures="0" tests="4" name="Default test" time="28.075" errors="0" timestamp="2025-08-17T11:10:29 AST">
  <testcase classname="tests.UserTests" name="testSignup" time="7.691"/>
  <testcase classname="tests.UserTests" name="testLogout" time="3.391"/>
  <testcase classname="tests.UserTests" name="testLogin" time="2.983"/>
  <testcase classname="tests.UserTests" name="testAddToCartAndCheckout" time="10.512"/>
</testsuite> <!-- Default test -->
