<?xml version="1.0" encoding="UTF-8"?>
<testng-results ignored="0" total="4" passed="4" failed="0" skipped="0">
  <reporter-output>
  </reporter-output>
  <suite started-at="2025-08-17T11:10:01 AST" name="Default suite" finished-at="2025-08-17T11:10:29 AST" duration-ms="28075">
    <groups>
    </groups>
    <test started-at="2025-08-17T11:10:01 AST" name="Default test" finished-at="2025-08-17T11:10:29 AST" duration-ms="28075">
      <class name="tests.UserTests">
        <test-method is-config="true" signature="setup()[pri:0, instance:tests.UserTests@3b69e7d1]" started-at="2025-08-17T11:10:01 AST" name="setup" finished-at="2025-08-17T11:10:04 AST" duration-ms="3121" status="PASS">
          <reporter-output>
          </reporter-output>
        </test-method> <!-- setup -->
        <test-method signature="testSignup()[pri:1, instance:tests.UserTests@3b69e7d1]" started-at="2025-08-17T11:10:04 AST" name="testSignup" finished-at="2025-08-17T11:10:12 AST" duration-ms="7691" status="PASS">
          <reporter-output>
          </reporter-output>
        </test-method> <!-- testSignup -->
        <test-method signature="testLogout()[pri:2, instance:tests.UserTests@3b69e7d1]" started-at="2025-08-17T11:10:12 AST" name="testLogout" finished-at="2025-08-17T11:10:16 AST" duration-ms="3391" status="PASS">
          <reporter-output>
          </reporter-output>
        </test-method> <!-- testLogout -->
        <test-method signature="testLogin()[pri:3, instance:tests.UserTests@3b69e7d1]" started-at="2025-08-17T11:10:16 AST" name="testLogin" finished-at="2025-08-17T11:10:19 AST" depends-on-methods="tests.UserTests.testSignup" duration-ms="2983" status="PASS">
          <reporter-output>
          </reporter-output>
        </test-method> <!-- testLogin -->
        <test-method signature="testAddToCartAndCheckout()[pri:4, instance:tests.UserTests@3b69e7d1]" started-at="2025-08-17T11:10:19 AST" name="testAddToCartAndCheckout" finished-at="2025-08-17T11:10:29 AST" duration-ms="10512" status="PASS">
          <reporter-output>
          </reporter-output>
        </test-method> <!-- testAddToCartAndCheckout -->
        <test-method is-config="true" signature="teardown()[pri:0, instance:tests.UserTests@3b69e7d1]" started-at="2025-08-17T11:10:29 AST" name="teardown" finished-at="2025-08-17T11:10:29 AST" duration-ms="310" status="PASS">
          <reporter-output>
          </reporter-output>
        </test-method> <!-- teardown -->
      </class> <!-- tests.UserTests -->
    </test> <!-- Default test -->
  </suite> <!-- Default suite -->
</testng-results>
